Arguments: 
  /usr/local/bin/node /usr/local/bin/yarn install

PATH: 
  /Users/jackrosa/.rvm/gems/ruby-3.0.0/bin:/Users/jackrosa/.rvm/gems/ruby-3.0.0@global/bin:/Users/jackrosa/.rvm/rubies/ruby-3.0.0/bin:/Users/jackrosa/.rvm/bin:/usr/local/bin:/usr/bin:/bin:/usr/sbin:/sbin:/usr/local/share/dotnet:~/.dotnet/tools:/Library/Frameworks/Mono.framework/Versions/Current/Commands

Yarn version: 
  1.22.10

Node version: 
  14.17.0

Platform: 
  darwin x64

Trace: 
  SyntaxError: /Users/jackrosa/environment/toy-blog/package.json: Unexpected end of JSON input
      at JSON.parse (<anonymous>)
      at /usr/local/lib/node_modules/yarn/lib/cli.js:1625:59
      at Generator.next (<anonymous>)
      at step (/usr/local/lib/node_modules/yarn/lib/cli.js:310:30)
      at /usr/local/lib/node_modules/yarn/lib/cli.js:321:13

npm manifest: 
  

yarn manifest: 
  No manifest

Lockfile: 
  # THIS IS AN AUTOGENERATED FILE. DO NOT EDIT THIS FILE DIRECTLY.
  # yarn lockfile v1
